# JRE version: OpenJDK Runtime Environment (8.0_45-b14) (build 1.8.0_45-internal-b14)
# Java VM: OpenJDK 64-Bit Server VM (25.45-b02 mixed mode linux-amd64 compressed oops)
Heap:
 PSYoungGen      total 366080K, used 82288K [0x00000000e0000000, 0x00000000fce80000, 0x0000000100000000)
  eden space 323584K, 13% used [0x00000000e0000000,0x00000000e2b8af98,0x00000000f3c00000)
  from space 42496K, 88% used [0x00000000f6b80000,0x00000000f9051170,0x00000000f9500000)
  to   space 48640K, 0% used [0x00000000f3c00000,0x00000000f3c00000,0x00000000f6b80000)
 ParOldGen       total 208896K, used 33403K [0x00000000a0000000, 0x00000000acc00000, 0x00000000e0000000)
  object space 208896K, 15% used [0x00000000a0000000,0x00000000a209ed98,0x00000000acc00000)
 Metaspace       used 69937K, capacity 71774K, committed 72320K, reserved 1112064K
  class space    used 8791K, capacity 9173K, committed 9344K, reserved 1048576K
GC Heap History (10 events):
Event: 143.016 GC heap before
{Heap before GC invocations=52 (full 6):
 PSYoungGen      total 329216K, used 47528K [0x00000000e0000000, 0x00000000f9700000, 0x0000000100000000)
  eden space 285696K, 14% used [0x00000000e0000000,0x00000000e2968530,0x00000000f1700000)
  from space 43520K, 11% used [0x00000000f1700000,0x00000000f1c01c00,0x00000000f4180000)
  to   space 43520K, 0% used [0x00000000f6c80000,0x00000000f6c80000,0x00000000f9700000)
 ParOldGen       total 208896K, used 132131K [0x00000000a0000000, 0x00000000acc00000, 0x00000000e0000000)
  object space 208896K, 63% used [0x00000000a0000000,0x00000000a8108d90,0x00000000acc00000)
 Metaspace       used 67367K, capacity 69162K, committed 69248K, reserved 1110016K
  class space    used 8634K, capacity 9045K, committed 9088K, reserved 1048576K
Event: 143.028 GC heap after
Heap after GC invocations=52 (full 6):
 PSYoungGen      total 373248K, used 1488K [0x00000000e0000000, 0x00000000f9700000, 0x0000000100000000)
  eden space 329728K, 0% used [0x00000000e0000000,0x00000000e0000000,0x00000000f4200000)
  from space 43520K, 3% used [0x00000000f6c80000,0x00000000f6df4188,0x00000000f9700000)
  to   space 43520K, 0% used [0x00000000f4200000,0x00000000f4200000,0x00000000f6c80000)
 ParOldGen       total 208896K, used 132535K [0x00000000a0000000, 0x00000000acc00000, 0x00000000e0000000)
  object space 208896K, 63% used [0x00000000a0000000,0x00000000a816dda0,0x00000000acc00000)
 Metaspace       used 67367K, capacity 69162K, committed 69248K, reserved 1110016K
  class space    used 8634K, capacity 9045K, committed 9088K, reserved 1048576K
}
Event: 143.028 GC heap before
{Heap before GC invocations=53 (full 7):
 PSYoungGen      total 373248K, used 1488K [0x00000000e0000000, 0x00000000f9700000, 0x0000000100000000)
  eden space 329728K, 0% used [0x00000000e0000000,0x00000000e0000000,0x00000000f4200000)
  from space 43520K, 3% used [0x00000000f6c80000,0x00000000f6df4188,0x00000000f9700000)
  to   space 43520K, 0% used [0x00000000f4200000,0x00000000f4200000,0x00000000f6c80000)
 ParOldGen       total 208896K, used 132535K [0x00000000a0000000, 0x00000000acc00000, 0x00000000e0000000)
  object space 208896K, 63% used [0x00000000a0000000,0x00000000a816dda0,0x00000000acc00000)
 Metaspace       used 67367K, capacity 69162K, committed 69248K, reserved 1110016K
  class space    used 8634K, capacity 9045K, committed 9088K, reserved 1048576K
Event: 143.578 GC heap after
Heap after GC invocations=53 (full 7):
 PSYoungGen      total 373248K, used 0K [0x00000000e0000000, 0x00000000f9700000, 0x0000000100000000)
  eden space 329728K, 0% used [0x00000000e0000000,0x00000000e0000000,0x00000000f4200000)
  from space 43520K, 0% used [0x00000000f6c80000,0x00000000f6c80000,0x00000000f9700000)
  to   space 43520K, 0% used [0x00000000f4200000,0x00000000f4200000,0x00000000f6c80000)
 ParOldGen       total 208896K, used 42106K [0x00000000a0000000, 0x00000000acc00000, 0x00000000e0000000)
  object space 208896K, 20% used [0x00000000a0000000,0x00000000a291e9f8,0x00000000acc00000)
 Metaspace       used 67367K, capacity 69162K, committed 69248K, reserved 1110016K
  class space    used 8634K, capacity 9045K, committed 9088K, reserved 1048576K
}
Event: 2091.364 GC heap before
{Heap before GC invocations=54 (full 7):
 PSYoungGen      total 373248K, used 178012K [0x00000000e0000000, 0x00000000f9700000, 0x0000000100000000)
  eden space 329728K, 53% used [0x00000000e0000000,0x00000000eadd7000,0x00000000f4200000)
  from space 43520K, 0% used [0x00000000f6c80000,0x00000000f6c80000,0x00000000f9700000)
  to   space 43520K, 0% used [0x00000000f4200000,0x00000000f4200000,0x00000000f6c80000)
 ParOldGen       total 208896K, used 42106K [0x00000000a0000000, 0x00000000acc00000, 0x00000000e0000000)
  object space 208896K, 20% used [0x00000000a0000000,0x00000000a291e9f8,0x00000000acc00000)
 Metaspace       used 69762K, capacity 71768K, committed 72064K, reserved 1112064K
  class space    used 8852K, capacity 9286K, committed 9344K, reserved 1048576K
Event: 2091.509 GC heap after
Heap after GC invocations=54 (full 7):
 PSYoungGen      total 332800K, used 2840K [0x00000000e0000000, 0x00000000f9500000, 0x0000000100000000)
  eden space 329728K, 0% used [0x00000000e0000000,0x00000000e0000000,0x00000000f4200000)
  from space 3072K, 92% used [0x00000000f4200000,0x00000000f44c61b0,0x00000000f4500000)
  to   space 42496K, 0% used [0x00000000f6b80000,0x00000000f6b80000,0x00000000f9500000)
 ParOldGen       total 208896K, used 42114K [0x00000000a0000000, 0x00000000acc00000, 0x00000000e0000000)
  object space 208896K, 20% used [0x00000000a0000000,0x00000000a29209f8,0x00000000acc00000)
 Metaspace       used 69762K, capacity 71768K, committed 72064K, reserved 1112064K
  class space    used 8852K, capacity 9286K, committed 9344K, reserved 1048576K
}
Event: 2091.509 GC heap before
{Heap before GC invocations=55 (full 8):
 PSYoungGen      total 332800K, used 2840K [0x00000000e0000000, 0x00000000f9500000, 0x0000000100000000)
  eden space 329728K, 0% used [0x00000000e0000000,0x00000000e0000000,0x00000000f4200000)
  from space 3072K, 92% used [0x00000000f4200000,0x00000000f44c61b0,0x00000000f4500000)
  to   space 42496K, 0% used [0x00000000f6b80000,0x00000000f6b80000,0x00000000f9500000)
 ParOldGen       total 208896K, used 42114K [0x00000000a0000000, 0x00000000acc00000, 0x00000000e0000000)
  object space 208896K, 20% used [0x00000000a0000000,0x00000000a29209f8,0x00000000acc00000)
 Metaspace       used 69762K, capacity 71768K, committed 72064K, reserved 1112064K
  class space    used 8852K, capacity 9286K, committed 9344K, reserved 1048576K
Event: 2091.724 GC heap after
Heap after GC invocations=55 (full 8):
 PSYoungGen      total 332800K, used 0K [0x00000000e0000000, 0x00000000f9500000, 0x0000000100000000)
  eden space 329728K, 0% used [0x00000000e0000000,0x00000000e0000000,0x00000000f4200000)
  from space 3072K, 0% used [0x00000000f4200000,0x00000000f4200000,0x00000000f4500000)
  to   space 42496K, 0% used [0x00000000f6b80000,0x00000000f6b80000,0x00000000f9500000)
 ParOldGen       total 208896K, used 33395K [0x00000000a0000000, 0x00000000acc00000, 0x00000000e0000000)
  object space 208896K, 15% used [0x00000000a0000000,0x00000000a209cd98,0x00000000acc00000)
 Metaspace       used 68531K, capacity 69920K, committed 72064K, reserved 1112064K
  class space    used 8633K, capacity 8950K, committed 9344K, reserved 1048576K
}
Event: 2197.355 GC heap before
{Heap before GC invocations=56 (full 8):
 PSYoungGen      total 332800K, used 329728K [0x00000000e0000000, 0x00000000f9500000, 0x0000000100000000)
  eden space 329728K, 100% used [0x00000000e0000000,0x00000000f4200000,0x00000000f4200000)
  from space 3072K, 0% used [0x00000000f4200000,0x00000000f4200000,0x00000000f4500000)
  to   space 42496K, 0% used [0x00000000f6b80000,0x00000000f6b80000,0x00000000f9500000)
 ParOldGen       total 208896K, used 33395K [0x00000000a0000000, 0x00000000acc00000, 0x00000000e0000000)
  object space 208896K, 15% used [0x00000000a0000000,0x00000000a209cd98,0x00000000acc00000)
 Metaspace       used 69632K, capacity 71360K, committed 72064K, reserved 1112064K
  class space    used 8734K, capacity 9098K, committed 9344K, reserved 1048576K
Event: 2197.434 GC heap after
Heap after GC invocations=56 (full 8):
 PSYoungGen      total 366080K, used 37700K [0x00000000e0000000, 0x00000000fce80000, 0x0000000100000000)
  eden space 323584K, 0% used [0x00000000e0000000,0x00000000e0000000,0x00000000f3c00000)
  from space 42496K, 88% used [0x00000000f6b80000,0x00000000f9051170,0x00000000f9500000)
  to   space 48640K, 0% used [0x00000000f3c00000,0x00000000f3c00000,0x00000000f6b80000)
 ParOldGen       total 208896K, used 33403K [0x00000000a0000000, 0x00000000acc00000, 0x00000000e0000000)
  object space 208896K, 15% used [0x00000000a0000000,0x00000000a209ed98,0x00000000acc00000)
 Metaspace       used 69632K, capacity 71360K, committed 72064K, reserved 1112064K
  class space    used 8734K, capacity 9098K, committed 9344K, reserved 1048576K
}

